./sdriver.pl -t trace01.txt -s ./tsh -a "-p"
#
# trace01.txt - Properly terminate on EOF.
#
./sdriver.pl -t trace02.txt -s ./tsh -a "-p"
#
# trace02.txt - Process builtin quit command.
#
./sdriver.pl -t trace03.txt -s ./tsh -a "-p"
#
# trace03.txt - Run a foreground job.
#
tsh> quit
./sdriver.pl -t trace04.txt -s ./tsh -a "-p"
#
# trace04.txt - Run a background job.
#
tsh> ./myspin 1 &
[1] (2916) ./myspin 1 &
./sdriver.pl -t trace05.txt -s ./tsh -a "-p"
#
# trace05.txt - Process jobs builtin command.
#
tsh> ./myspin 2 &
[1] (2920) ./myspin 2 &
tsh> ./myspin 3 &
[2] (2922) ./myspin 3 &
tsh> jobs
[1] (2920) Running ./myspin 2 &
[2] (2922) Running ./myspin 3 &
./sdriver.pl -t trace06.txt -s ./tsh -a "-p"
#
# trace06.txt - Forward SIGINT to foreground job.
#
tsh> ./myspin 4
Job [1] (2929) terminated by signal 2
./sdriver.pl -t trace07.txt -s ./tsh -a "-p"
#
# trace07.txt - Forward SIGINT only to foreground job.
#
tsh> ./myspin 4 &
[1] (3529) ./myspin 4 &
tsh> ./myspin 5
Job [2] (3531) terminated by signal 2
tsh> jobs
[1] (3529) Running ./myspin 4 &
./sdriver.pl -t trace08.txt -s ./tsh -a "-p"
#
# trace08.txt - Forward SIGTSTP only to foreground job.
#
tsh> ./myspin 4 &
[1] (3536) ./myspin 4 &
tsh> ./myspin 5
Job [2] (3538) stopped by signal 20
tsh> jobs
[1] (3536) Running ./myspin 4 &
[2] (3538) Stopped ./myspin 5 
./sdriver.pl -t trace09.txt -s ./tsh -a "-p"
#
# trace09.txt - Process bg builtin command
#
tsh> ./myspin 4 &
[1] (3882) ./myspin 4 &
tsh> ./myspin 5
Job [2] (3884) stopped by signal 20
tsh> jobs
[1] (3882) Running ./myspin 4 &
[2] (3884) Stopped ./myspin 5 
tsh> bg %2
[2] (3884) ./myspin 5 
tsh> jobs
[1] (3882) Running ./myspin 4 &
[2] (3884) Running ./myspin 5 
./sdriver.pl -t trace10.txt -s ./tsh -a "-p"
#
# trace10.txt - Process fg builtin command. 
#
tsh> ./myspin 4 &
[1] (4479) ./myspin 4 &
tsh> fg %1
Job [1] (4479) stopped by signal 20
tsh> jobs
[1] (4479) Stopped ./myspin 4 &
tsh> fg %1
tsh> jobs
./sdriver.pl -t trace11.txt -s ./tsh -a "-p"
#
# trace11.txt - Forward SIGINT to every process in foreground process group
#
tsh> ./mysplit 4
Job [1] (4826) terminated by signal 2
tsh> /bin/ps a
  PID TTY      STAT   TIME COMMAND
 7809 pts/7    Ss     0:00 -bash
27561 pts/7    S+     0:00 vi test11.c
 2791 pts/3    S+     0:00 make tshrefout
 2794 pts/3    S+     0:00 /bin/sh -c make tests > tshref.out 2>&1
 2795 pts/3    S+     0:00 make tests
 4823 pts/3    S+     0:00 /usr/bin/perl ./sdriver.pl -t trace11.txt -s ./tsh -a -p
 4824 pts/3    S+     0:00 ./tsh -p
 4829 pts/3    R      0:00 /bin/ps a
./sdriver.pl -t trace12.txt -s ./tsh -a "-p"
#
# trace12.txt - Forward SIGTSTP to every process in foreground process group
#
tsh> ./mysplit 4
Job [1] (4834) stopped by signal 20
tsh> jobs
[1] (4834) Stopped ./mysplit 4 
tsh> /bin/ps a
  PID TTY      STAT   TIME COMMAND
 7809 pts/7    Ss     0:00 -bash
27561 pts/7    S+     0:00 vi test11.c
 2791 pts/3    S+     0:00 make tshrefout
 2794 pts/3    S+     0:00 /bin/sh -c make tests > tshref.out 2>&1
 2795 pts/3    S+     0:00 make tests
 4831 pts/3    S+     0:00 /usr/bin/perl ./sdriver.pl -t trace12.txt -s ./tsh -a -p
 4832 pts/3    S+     0:00 ./tsh -p
 4834 pts/3    T      0:00 ./mysplit 4
 4835 pts/3    T      0:00 ./mysplit 4
 5085 pts/3    R      0:00 /bin/ps a
./sdriver.pl -t trace13.txt -s ./tsh -a "-p"
#
# trace13.txt - Restart every stopped process in process group
#
tsh> ./mysplit 4
Job [1] (5089) stopped by signal 20
tsh> jobs
[1] (5089) Stopped ./mysplit 4 
tsh> /bin/ps a
  PID TTY      STAT   TIME COMMAND
 7809 pts/7    Ss     0:00 -bash
27561 pts/7    S+     0:00 vi test11.c
 2791 pts/3    S+     0:00 make tshrefout
 2794 pts/3    S+     0:00 /bin/sh -c make tests > tshref.out 2>&1
 2795 pts/3    S+     0:00 make tests
 5086 pts/3    S+     0:00 /usr/bin/perl ./sdriver.pl -t trace13.txt -s ./tsh -a -p
 5087 pts/3    S+     0:00 ./tsh -p
 5089 pts/3    T      0:00 ./mysplit 4
 5090 pts/3    T      0:00 ./mysplit 4
 5432 pts/3    R      0:00 /bin/ps a
tsh> fg %1
tsh> /bin/ps a
  PID TTY      STAT   TIME COMMAND
 7809 pts/7    Ss     0:00 -bash
27561 pts/7    S+     0:00 vi test11.c
 2791 pts/3    S+     0:00 make tshrefout
 2794 pts/3    S+     0:00 /bin/sh -c make tests > tshref.out 2>&1
 2795 pts/3    S+     0:00 make tests
 5086 pts/3    S+     0:00 /usr/bin/perl ./sdriver.pl -t trace13.txt -s ./tsh -a -p
 5087 pts/3    S+     0:00 ./tsh -p
 5435 pts/3    R      0:00 /bin/ps a
./sdriver.pl -t trace14.txt -s ./tsh -a "-p"
#
# trace14.txt - Simple error handling
#
tsh> ./bogus
./bogus: Command not found
tsh> ./myspin 4 &
[1] (5441) ./myspin 4 &
tsh> fg
fg command requires PID or %jobid argument
tsh> bg
bg command requires PID or %jobid argument
tsh> fg a
fg: argument must be a PID or %jobid
tsh> bg a
bg: argument must be a PID or %jobid
tsh> fg 9999999
(9999999): No such process
tsh> bg 9999999
(9999999): No such process
tsh> fg %2
%2: No such job
tsh> fg %1
Job [1] (5441) stopped by signal 20
tsh> bg %2
%2: No such job
tsh> bg %1
[1] (5441) ./myspin 4 &
tsh> jobs
[1] (5441) Running ./myspin 4 &
./sdriver.pl -t trace15.txt -s ./tsh -a "-p"
#
# trace15.txt - Putting it all together
#
tsh> ./bogus
./bogus: Command not found
tsh> ./myspin 10
Job [1] (5797) terminated by signal 2
tsh> ./myspin 3 &
[1] (6047) ./myspin 3 &
tsh> ./myspin 4 &
[2] (6049) ./myspin 4 &
tsh> jobs
[1] (6047) Running ./myspin 3 &
[2] (6049) Running ./myspin 4 &
tsh> fg %1
Job [1] (6047) stopped by signal 20
tsh> jobs
[1] (6047) Stopped ./myspin 3 &
[2] (6049) Running ./myspin 4 &
tsh> bg %3
%3: No such job
tsh> bg %1
[1] (6047) ./myspin 3 &
tsh> jobs
[1] (6047) Running ./myspin 3 &
[2] (6049) Running ./myspin 4 &
tsh> fg %1
tsh> quit
./sdriver.pl -t trace16.txt -s ./tsh -a "-p"
#
# trace16.txt - Tests whether the shell can handle SIGTSTP and SIGINT
#     signals that come from other processes instead of the terminal.
#
tsh> ./mystop 2
Job [1] (6400) stopped by signal 20
tsh> jobs
[1] (6400) Stopped ./mystop 2
tsh> ./myint 2
Job [2] (6403) terminated by signal 2
